<?xml version="1.0" encoding="UTF-8"?>
<!-- Generated by org.testng.reporters.JUnitReportReporter -->
<testsuite hostname="ANKUSH-PC" failures="0" tests="9" name="com.testng.TestNG2" time="18.034" errors="0" timestamp="27 Oct 2018 06:42:10 GMT" skipped="0">
  <testcase classname="com.testng.TestNG2" name="TestNG2m4" time="2.001"/>
  <testcase classname="com.testng.TestNG2" name="TestNG2m1" time="2.004"/>
  <testcase classname="com.testng.TestNG2" name="TestNG2m1" time="2.005"/>
  <testcase classname="com.testng.TestNG2" name="TestNG2m2" time="2.004"/>
  <testcase classname="com.testng.TestNG2" name="TestNG2m1" time="2.002"/>
  <testcase classname="com.testng.TestNG2" name="TestNG2m5" time="2.004"/>
  <testcase classname="com.testng.TestNG2" name="TestNG2m5" time="2.003"/>
  <testcase classname="com.testng.TestNG2" name="TestNG2m5" time="2.004"/>
  <testcase classname="com.testng.TestNG2" name="TestNG2m3" time="2.007"/>
</testsuite> <!-- com.testng.TestNG2 -->
