<?xml version="1.0" encoding="UTF-8"?>
<!-- Generated by org.testng.reporters.JUnitReportReporter -->
<testsuite hostname="ANKUSH-PC" failures="0" tests="1" name="com.testng.db.TestNGDB1" time="2.021" errors="0" timestamp="27 Oct 2018 06:06:28 GMT" skipped="0">
  <testcase classname="com.testng.db.TestNGDB1" name="TestNGDB1m1" time="2.021"/>
</testsuite> <!-- com.testng.db.TestNGDB1 -->
