<?xml version="1.0" encoding="UTF-8"?>
<!-- Generated by org.testng.reporters.JUnitReportReporter -->
<testsuite hostname="ANKUSH-PC" failures="0" tests="4" name="com.testng.TestNG1" time="4.029" errors="1" timestamp="22 Nov 2018 16:45:39 GMT" skipped="1">
  <testcase classname="com.testng.TestNG1" name="TestNG1m4" time="2.001"/>
  <testcase classname="com.testng.TestNG1" name="TestNG1m2" time="2.018"/>
  <testcase classname="com.testng.TestNG1" name="TestNG1m1" time="0.010">
    <error message="android/util/Log" type="java.lang.NoClassDefFoundError">
      <![CDATA[java.lang.NoClassDefFoundError: android/util/Log
at org.slf4j.impl.AndroidLoggerAdapter.isLoggable(AndroidLoggerAdapter.java:543)
at org.slf4j.impl.AndroidLoggerAdapter.log(AndroidLoggerAdapter.java:537)
at org.slf4j.impl.AndroidLoggerAdapter.info(AndroidLoggerAdapter.java:281)
at com.testng.TestNG1.TestNG1m1(TestNG1.java:16)
at java.base/jdk.internal.reflect.NativeMethodAccessorImpl.invoke0(Native Method)
at java.base/jdk.internal.reflect.NativeMethodAccessorImpl.invoke(Unknown Source)
at java.base/jdk.internal.reflect.DelegatingMethodAccessorImpl.invoke(Unknown Source)
at java.base/java.lang.reflect.Method.invoke(Unknown Source)
at org.testng.internal.MethodInvocationHelper.invokeMethod(MethodInvocationHelper.java:124)
at org.testng.internal.InvokeMethodRunnable.runOne(InvokeMethodRunnable.java:54)
at org.testng.internal.InvokeMethodRunnable.run(InvokeMethodRunnable.java:44)
at java.base/java.util.concurrent.Executors$RunnableAdapter.call(Unknown Source)
at java.base/java.util.concurrent.FutureTask.run(Unknown Source)
at java.base/java.util.concurrent.ThreadPoolExecutor.runWorker(Unknown Source)
at java.base/java.util.concurrent.ThreadPoolExecutor$Worker.run(Unknown Source)
at java.base/java.lang.Thread.run(Unknown Source)
Caused by: java.lang.ClassNotFoundException: android.util.Log
at java.base/jdk.internal.loader.BuiltinClassLoader.loadClass(Unknown Source)
at java.base/jdk.internal.loader.ClassLoaders$AppClassLoader.loadClass(Unknown Source)
at java.base/java.lang.ClassLoader.loadClass(Unknown Source)
... 16 more
]]>
    </error>
  </testcase> <!-- TestNG1m1 -->
  <testcase classname="com.testng.TestNG1" name="TestNG1m3">
    <skipped/>
  </testcase> <!-- TestNG1m3 -->
</testsuite> <!-- com.testng.TestNG1 -->
