<?xml version="1.0" encoding="UTF-8"?>
<!-- Generated by org.testng.reporters.JUnitReportReporter -->
<testsuite hostname="ANKUSH-PC" failures="0" tests="4" name="com.testng.db.TestNGDB2" time="8.055" errors="0" timestamp="21 Oct 2018 08:23:05 GMT" skipped="0">
  <testcase classname="com.testng.db.TestNGDB2" name="TestNGDB2m2" time="2.020"/>
  <testcase classname="com.testng.db.TestNGDB2" name="TestNGDB2m4" time="2.016"/>
  <testcase classname="com.testng.db.TestNGDB2" name="TestNGDB2m3" time="2.012"/>
  <testcase classname="com.testng.db.TestNGDB2" name="TestNGDB2m1" time="2.007"/>
</testsuite> <!-- com.testng.db.TestNGDB2 -->
