<?xml version="1.0" encoding="UTF-8"?>
<!-- Generated by org.testng.reporters.JUnitReportReporter -->
<testsuite hostname="ANKUSH-PC" failures="0" tests="1" name="com.sdk.test.TestCase" time="0.016" errors="0" timestamp="28 Oct 2018 07:54:40 GMT" skipped="0">
  <testcase classname="com.sdk.test.TestCase" name="message" time="0.016"/>
</testsuite> <!-- com.sdk.test.TestCase -->
