<?xml version="1.0" encoding="UTF-8"?>
<!-- Generated by org.testng.reporters.JUnitReportReporter -->
<testsuite hostname="ANKUSH-PC" failures="0" tests="1" name="SeleniumClass11.TestNGTestCase2" time="8.398" errors="0" timestamp="28 Oct 2018 06:51:07 GMT" skipped="0">
  <testcase classname="SeleniumClass11.TestNGTestCase2" name="login" time="8.398"/>
</testsuite> <!-- SeleniumClass11.TestNGTestCase2 -->
